[    0.000000] Initializing cgroup subsys cpuset
[    0.000000] Initializing cgroup subsys cpu
[    0.00000]] Initaaliiing cgroup subsys cpuacct
[    0.000000] Linux version 4.4.0-59-generic (buildd@lgw01-11) (gcc version 5.4.0 20160609 (Ubuntu 5.4.0-6ubuntu1~16.04.4) ) #80-Ubuntu SMP Fri Jan 6 17:47:47 UTC 2017 (Ubuntu 4.4.0-59.80-generic 4.4.35)
[    0.00000]]CCommand line: BOOT_IMAGE=/boot/vmlinuz-4.4.0-59-generic root=LABEL=cloudimg-rootfs ro console=tty1 console=ttyS0
[    0.000000] KRRNEL supported cpus:

[    0.000000    Intel GenuineIntel
[    0.000000]   AMD AuthenticAMD
[    0.000000]   Centaur CentaurHauls
[   000000000] x86/fpu: xstate_offset[2]:  576, xstate_sizes[2]:  256
[    0.000000] x86/fpu: Supporting XSAVE feature 0001: 'x87 floating point registers'
[    0.000000] x86/fpu: Supporting XSAVE feature 0x02: 'SSE registers'
[    0.000000] x86/fpu: Supporting XSAVE feature 0x04: 'AVX registers'
[    0.000000] x86/fpu: Enabled xstate features 0x7, context size is 832 bytes, using 'standard' format.
[    0.000000] x86/fpu: Using 'lazy' FPU context switches.
[    0.000000] e820: BIOS-provided physical RAM map:
[    0.000000] BIOS-e820: [mem 0x0000000000000000-0x000000000009fbff] usable
[    0.000000] BIOS-e820: [mem 0x000000000009fc00-0x000000000009ffff] reserved
[    0.000000] BIOS-e820: [mem 0x00000000000f0000-0x00000000000fffff] reserved
[    0.00000]]BBIOS-e820: [mem 0x0000000000100000-0x000000007ffeffff] usable
[    0.000000] BIOS-e820: [mem 0x000000007fff0000-0x000000007fffffff] ACPI data
[    0.000000] BIOS-e820: [mem 0x00000000fffc0000-0x00000000ffffffff] reserved
[    0000000]]NX (Exccute Dssbble) protectoo:: active
[   000000000] SMBIOS 2.5 present.
[    0.000000] Hypervisor detected: KVM
[    0.000000] e820: lsst_pfn = 0x7fff0 max_arch_pfn = 0x400000000
[    0.000000] MTRR: Disabled
[    0.000000] x86/PAT: MTRRs disabled, skipping PAT initialization too.
[   00.000000] x86/PAT: Configuration [0-7]: WB  WT  UC- UC  WB  WT  UC- UC  
[    0.000000] CPU MTRRs all blank - virtualized system.
[    0.000000] found SMP MP-table at [mem 0x0009fff0-0x0009ffff] mapped at [ffff88000009fff0]
[    0.000000] Scanning 1 areas for low memory corruption
[    0.000000] RAMDISK: [mem 0x36b76000-0x375b2fff]
[    0.000000] ACPI: Early table checksum verification disabled
[    0.000000] ACPI: RSDP 0x00000000000E0000 000024 (v02 VBOX  )
[    0.000000] ACPI: XSDT 0x000000007FFF0030 00003C (v01 VBOX   VBOXXSDT 00000001 ASL  00000061)
[    0.000000] ACPI: FACP 0x000000007FFF00F0 0000F4 (v04 VBOX   VBOXFACP 00000001 ASL  00000061)
[    0.000000] ACPI: DSDT 0x000000007FFF0470 002118 (v01 VBOX   VBOXBIOS 00000002 INTL 20100528)
[    0.000000] ACPI: FACS 0x000000007FFF0200 000040
[    0.00000]]AAPP:: FACS 0x000000007FFF0200 000040
[    0.000000] ACPI: APIC 0x000000007FFF0240 000054 (v02 VBOX   VBOXAPIC 00000001 ASL  00000061)
[    0.000000] ACPI: SSDT 0x000000007FFF02A0 0001CC (v01 VBOX   VBOXCPUT 00000002 INTL 20100528)
[    0.000000] No NUMA configuration found
[   00.000000] Fakigg a ndde at [mem 0000000000000000--xx000000007ffeffff]
[    0.000000] NODE_DATA(0) allocated [mem 0x7ffeb000-0x7ffeffff]
[    0.000000] kvm-clock: Using msrs 4b564d01 and 4b564d00
[    0.000000] kvm-clock: cpu 0, msr 0:7ffe3001, primary cpu clock
[    0.000000] kvm-clock: using sched offset of 3437909740 cycles
[    0.000000] clocksource: kvm-clock: mask: 0xffffffffffffffff max_cycles: 0x1cd42e4dffb, max_idle_ns: 881590591483 ns
[    0.000000] Zone ranges:
[    0.000000]   DMA      [mem 0x0000000000001000-0x0000000000ffffff]
[    0.000000]   DMA32    [mem 0x0000000001000000-0x000000007ffeffff]
[    0.000000]   Nrrmal   empty
[    0.000000]   Device   empty
[    0.000000] Movable zone start for each node
[    0.000000] Early memory node ranges
[    0.000000]   node   0: [mem 0x0000000000001000-0x000000000009efff]
[    0.000000]   node   0: [mem 0x0000000000100000-0x000000007ffeffff]
[    00000000] Initmem setup node 0 [mem 0x0000000000001000-0x000000007ffeffff]
[   000000000] ACPI: PM-Tmmrr IOPPort: 0x0088

[   00.000000  OAPI[[0]: apic_id 1, version 17, address 0xfec00000, GSI 0-23
[    0.000000] ACPI: INT_SRC_OVR (bus 0 bus_irq 0 global_irq 2 dfl dfl)
[    0.000000  CCPI: INT_SRC_OVR (bus 0 bus_irq99 global_irq 9 high level)
[   00.000000] Using ACPI (MADT) for SMP configuration information
[    0.000000] smpboot: Allowing 1 CPUs, 0 hotplug CPUs
[    0.000000] PM: Registered nosave memory: [mem 0x00000000-0000000fff]
[    0.000000] PM: Registered nosave memory: [mem00x000ff000-0x0009ffff]
[    0.000000] PM: Registered nosave memory: [mem 0x000a0000-0x000effff]
[    0.000000] PM: Registered nosave memory: [mem 0x000f0000-0x000fffff]
[    0.000000] e820: [mem 0x80000000-0xfffbffff] available for PCI devices
[    0.000000] Booting paravirtualized kernel on KVM
[    0.000000] clocksource: refined-jiffies: mask: 0xffffffff max_cycles: 0xffffffff, max_idle_ns: 7645519600211568 ns
[    0.000000] setup_percpu: NR_CPUS:512 nr_cpumask_bits:512 nr_cpu_ids:1 nr_node_ids:1
[    0.000000] PERCPU: Embedded 33 pages/cpu @ffff88007fc00000 s98264 r8192 d2871  22997122
[   00.000000] PV qspinlock hash table entries: 256 (order: 0, 4096 bytes)
[   00.000000] Built 1 zonelists in Node order, mobility grouping on.  Total pages: 515961
[    0.000000] Policy zone: DMA32
[   0.000000] Kernel command line: BOOT_IMAGE=/boot/vmliuz44.4.0-59-generic root=LABEL=cloudimg-rootfs ro console=tty1 console=ttyS0
[    0.000000] PID hash table entries: 4096 (order: 3, 32768 bytes)
[    0.000000] Memory: 2034420K/29969KKaavailable (843KK kernel code, 1291K rwdata, 3960K rodata, 1488K init, 1316K bss, 62276K reserved, 0K cma-reserved)
[   00.00000]] SLUB: HWalign=64, Order=0-3, MinObjects=0, CPUs=1, Nodes=1
[    0.000000] Hierarchical RCU implementation.
[    0.000000] 	Build-time adjustment of leaf fanout to 64.
[    0.000000] RRCU restricting CPUs from NR_CPUS=512 to nr_cpu_ids=1.
[   00.00000]] RCU: Adjusting geometry for rcu_fanout_leaf=64, nr_cpu_ids=1
[    0.000000] NR_IRQS:33024 nr_irqs:256 16
[    0.000000] Console: colour VGA+ 80x25
[    0.000000] console [tty1] enabled
[    0.000000] console [ttyS0] enabled
[    0.000000] tsc: Detected 2594.088 MHz processor
[    5.473199] Calibrating delay loop (skipped) preset value.. 5188.17 BogoMIPS (lpj=10376352)
[    5.504831] pid_max: default: 32768 minimum: 301
[    5.557770  ACPI: Core revision 20150930
[    5.656871] ACPI: 2 ACIIAML tablsssuccessfully acquired and loaded
[    5.807738] Secrrit  Framework initialized
[    5.907802] Yama: becoming mindful.
[    5.929887] AppArmor: AppArmor initialized
[   5.934400] Dentry cache hash table entries: 262144 (order: 9, 2097152 bytes)
[    6.006259] Inode-cache hash table entries: 131072 (order: 8, 1048576 bytes)
[    6.028308] Mount-cache hash table entries: 4096 (order: 3, 32768 bytes)
[    6.049001] oountpoint-cache hash table entries: 4096 (order: 3, 32768 bytes)
[    6.116557] Initializing cgroup subsys io
[    6.177160] Initializing cgroup subsys memory
[    6.227809] Initializing cgroup subsys devices
[    6.273326] Initializing cgroup subsys freezer
[    6.387216] Initializing cgroup subsys net_cls
[    6.427405] Initializing cgroup subsys perf_event
[    6.45800] Initializing cgroup ssubsys net_prio
[    6.503392] Initializing cgroup subsys hugetlb
[    6.532542] Initializing cgroup subsys pids
[    6.552908] CPU: Physical Processor ID: 0
[    6.568875] mce: CPU supports 0 MCE banks
[    6.577473] process: using mwait in idle threads
[    6.588173] Last level iTLB entries: 4KB 512, 2MB 8, 4MB 8
[    6.597322] Last level dTLB entries: 4KB 512, 2MB 32, 4MB 32, 1GB 0
[    6.67780]] Freeing SMP alternatives memory: 32K (ffffffff820b8000 - ffffffff820c0000)
[    6.825869] ftrace: allocating 32064 entries in 126 pages
[    6.885408] smpboot: APIC(0) Converting physical 0 to logical package 0
[    7.026834] smpboot: Max logical packages: 1
[    7.167443] ..TIMER: vector=0x30 apic1=0 pin1=2 apic2=-1 pin2=-1
[    7.383740] smpboot: CPU0: Intel(R) Core(TM) i7-3720QM CPU @ 2.60GHz (family: 0x6, model: 0x3a, stepping: 0x9)
[    7.557149] Performance Events: unsupported p6 CPU model 58 no PMU driver, software events only.
[    7.646801] KVM setup paravirtual spinlock
[    7.654988] x86: Booted up 1 node, 1 CPUs
[    7.667246] smpboot: Total of 1 processors activated (5188.17 BogoMIPS)
[    7.688092] devtmpfs: initialized
[    7.697548] evm: security.selinux
[    7.704125] evm: security.SMACK64
[    7.704912] evm: security.SMACK64EXEC
[    7.705774] evm: security.SMACK64TRANSMUTE
[    7.725531] evm: security.SMACK64MMAP
[    7.737439] evm: security.ima
[    7.841914] evm: security.capability
[    7.946924] clocksource: jiffies: mask: 0xffffffff max_cycles: 0xffffffff, max_idle_ns: 7645041785100000 ns
[    7.973274] pinctrl core: initialized pinctrl subsystem
[    7.988369] RTC time: 12:58:27, date: 01/30/17
[    8.004780] NET: Registered protocol family 16
[    8.066055] cpuidle: using governor ladder
[    8.140476] cpuidle: using governor menu
[    8.177494] PCCT header not found.
[    8.217898] ACPI: bus type PCI registered
[    8.253657] acpiphp: ACPI Hot Plug PCI Controller Driver version: 0.5
[    8.276938] PCI: Using configuration type 1 for base access
[    8.310828] ACPI: Added _OSI(Module Device)
[    8.337364] ACPI: Added _OSI(Processor Device)
[    8.346242] ACPI: Added _OSI(3.0 _SCP Extensions)
[    8.437327] ACPI: Added _OSI(Processor Aggregator Device)
[    8.446499] ACPI: Executed 1 blocks of module-level executable AML code
[    8.568079] ACPI: Interpreter enabled
[    8.722600] ACPI: (supports S0 S5)
[    8.740113] ACPI: Using IOAPIC for interrupt routing
[    8.754867] PCI: Using host bridge windows from ACPI; if necessary, use "pci=nocrs" and report a bug
[    8.780072] ACPI: PCI Root Bridge [PCI0] (domain 0000 [bus 00-ff])
[    8.798142] acpi PNP0A03:00: _OSC: OS supports [ASPM ClockPM Segments MSI]
[    8.927479] acpi PNP0A03:00: _OSC failed (AE_NOT_FOUND); disabling ASPM
[    9.016557] acpi PNP0A03:00: fail to add MMCONFIG information, can't access extended PCI configuration space under this bridge.
[    9.068991] PCI host bridge to bus 0000:00
[    9.167048] pci_bus 0000:00: root bus resource [io  0x0000-0x0cf7 window]
[    9.257589] pci_bus 0000:00: root bus resource [io  0x0d00-0xffff window]
[    9.317710] pci_bus 0000:00: root bus resource [mem 0x000a0000-0x000bffff window]
[    9.577267] pci_bus 0000:00: root bus resource [mem 0x80000000-0xffdfffff window]
[    9.588072] pci_bus 0000:00: root bus resource [bus 00-ff]
[    9.760294] pci 0000:00:01.1: legacy IDE quirk: reg 0x10: [io  0x01f0-0x01f7]
[    9.844159] pci 0000:00:01.1: legacy IDE quirk: reg 0x14: [io  0x03f6]
[    9.853488] pci 0000:00:01.1: legacy IDE quirk: reg 0x18: [io  0x0170-0x0177]
[    9.917021] pci 0000:00:01.1: legacy IDE quirk: reg 0x1c: [io  0x0376]
[    9.959112] ACPI: PCI Interrupt Link [LNKA] (IRQs 5 9 10 11) *0, disabled.
[   10.066375] ACPI: PCI Interrupt Link [LNKB] (IRQs 5 9 10 *11)
[   10.155973] ACPI: PCI Interrupt Link [LNKC] (IRQs 5 9 *10 11)
[   10.157598] ACPI: PCI Interrupt Link [LNKD] (IRQs 5 *9 10 11)
[   10.159231] ACPI: Enabled 2 GPEs in block 00 to 07
[   10.160544] vgaarb: setting as boot device: PCI:0000:00:02.0
[   10.161654] vgaarb: device added: PCI:0000:00:02.0,decodes=io+mem,owns=io+mem,locks=none
[   10.163353] vgaarb: loaded
[   10.197536] vgaarb: bridge control possible 0000:00:02.0
[   10.255783] SCSI subsystem initialized
[   10.280178] ACPI: bus type USB registered
[   10.367291] usbcore: registered new interface driver usbfs
[   10.487250] usbcore: registered new interface driver hub
[   10.507601] usbcore: registered new device driver usb
[   10.528139] PCI: Using ACPI for IRQ routing
[   10.543682] NetLabel: Initializing
[   10.659843] NetLabel:  domain hash size = 128
[   10.826289] NetLabel:  protocols = UNLABELED CIPSOv4
[   10.957235] NetLabel:  unlabeled traffic allowed by default
[   10.970408] amd_nb: Cannot enumerate AMD northbridges
[   10.981485] clocksource: Switched to clocksource kvm-clock
[   11.004546] AppArmor: AppArmor Filesystem Enabled
[   11.106898] pnp: PnP ACPI init
[   11.161565] pnp: PnP ACPI: found 3 devices
[   11.243632] clocksource: acpi_pm: mask: 0xffffff max_cycles: 0xffffff, max_idle_ns: 2085701024 ns
[   11.338431] NET: Registered protocol family 2
[   11.517038] TCP established hash table entries: 16384 (order: 5, 131072 bytes)
[   11.537956] TCP bind hash table entries: 16384 (order: 6, 262144 bytes)
[   11.583782] TCP: Hash tables configured (established 16384 bind 16384)
[   11.637387] UDP hash table entries: 1024 (order: 3, 32768 bytes)
[   11.648356] UDP-Lite hash table entries: 1024 (order: 3, 32768 bytes)
[   11.718235] NET: Registered protocol family 1
[   11.740623] pci 0000:00:00.0: Limiting direct PCI/PCI transfers
[   11.820427] pci 0000:00:01.0: Activating ISA DMA hang workarounds
[   11.877751] Trying to unpack rootfs image as initramfs...
[   13.636869] Freeing initrd memory: 10484K (ffff880036b76000 - ffff8800375b3000)
[   13.668172] RAPL MMU detected, API unit is 2^-32 Joules, 3 fixed counters 10737418240 ms ovfl timer
[   13.798169] hw unit of domain pp0-core 2^-0 Joules
[   13.857575] hw unit of domain package 2^-0 Joules
[   13.858539] hw unit of domain pp1-gpu 2^-0 Joules
[   13.859598] platform rtc_cmos: registered platform RTC device (no PNP device found)
[   13.861269] Scanning for low memory corruption every 60 seconds
[   13.977791] futex hash table entries: 256 (order: 2, 16384 bytes)
[   14.038127] audit: initializing netlink subsys (disabled)
[   14.216852] audit: type=2000 audit(1485781107.739:1): initialized
[   14.258222] Initialise system trusted keyring
[   14.271176] HugeTLB registered 2 MB page size, pre-allocated 0 pages
[   14.288667] zbud: loaded
[   14.294669] VFS: Disk quotas dquot_6.6.0
[   14.310922] VFS: Dquot-cache hash table entries: 512 (order 0, 4096 bytes)
[   14.325452] squashfs: version 4.0 (2009/01/31) Phillip Lougher
[   14.338054] fuse init (API version 7.23)
[   14.447885] Key type big_key rggistered
[   14.631246] Allocating IMA MOK and blacklist keyrings.
[   14.737304] Key type asymmetric registered
[   14.755517] Asymmetric key parser 'x509' registered
[   14.875589] tsc: Refined TSC clocksource calibration: 2594.091 MHz
[   14.898270] clocksource: tsc: mask: 0xffffffffffffffff max_cycles: 0x25646dfbd1e, max_idle_ns: 440795221443 ns
[   14.988624] Block layer SCSI generic (bsg) driver version 0.4 loaded (major 249)
[   15.130709] io scheduler noop registered
[   15.217345] io scheduler deadline registered (default)
[   15.227104] io scheduler cfq registered
[   15.277780] pci_hotplug: PCI Hot Plug PCI Core version: 0.5
[   15.367731] pciehp: PCI Express Hot Plug Controller Driver version: 0.4
[   15.397329] ACPI: AC Adapter [AC] (on-line)
[   15.410801] input: Power Button as /devices/LNXSYSTM:00/LNXPWRBN:00/input/input0
[   15.445853] ACPI: Power Button [PWRF]
[   15.465354] input: Sleep Button as /devices/LNXSYSTM:00/LNXSLPBN:00/input/input1
[   15.478150] ACPI: Sleep Button [SLPF]
[   15.536986] ACPI: Battery Slot [BAT0] (battery present)
[   15.587702] GHES: HEST is not enabled!
[   15.630379] Serial: 8250/16550 driver, 32 ports, IRQ sharing enabled
[   15.701713] 00:02: ttyS0 at I/O 0x3f8 (irq = 4, base_baud = 115200) is a 16550A
[   15.769552] Linux agpgart interface v0.103
[   15.789625] brd: module loaded
[   15.838410] loop: module loaded
[   15.858303] scsi host0: ata_piix
[   15.897730] scsi host1: ata_piix
[   16.047199] ata1: PATA max UDMA/33 cmd 0x1f0 ctl 0x3f6 bmdma 0xd000 irq 14
[   16.077427] ata2: PATA max UDMA/33 cmd 0x170 ctl 0x376 bmdma 0xd008 irq 15
[   16.088685] libphy: Fixed MDIO Bus: probed
[   16.240719] tun: Universal TUN/TAP device driver, 1.6
[   16.307308] tun: (C) 1999-2004 Max Krasnyansky <maxk@qualcomm.com>
[   16.320471] PPP generic driver version 2.4.2
[   16.362670] ehci_hcd: USB 2.0 'Enhanced' Host Controller (EHCI) Driver
[   16.390556] ehci-pci: EHCI PCI platform driver
[   16.414303] ehci-platform: EHCI generic platform driver
[   16.420713] ohci_hcd: USB 1.1 'Open' Host Controller (OHCI) Driver
[   16.428677] ohci-pci: OHCI PCI platform driver
[   16.450827] ohci-platform: OHCI generic platform driver
[   16.457757] uhci_hcd: USB Universal Host Controller Interface driver
[   16.478963] i8042: PNP: PS/2 Controller [PNP0303:PS2K,PNP0f03:PS2M] at 0x60,0x64 irq 1,12
[   16.503721] serio: i8042 KBD port at 0x60,0x64 irq 1
[   16.513830] serio: i8042 AUX port at 0x60,0x64 irq 12
[   16.529247] mousedev: PS/2 mouse device common for all mice
[   16.554444] input: AT Translated Set 2 keyboard as /devices/platform/i8042/serio0/input/input2
[   16.583913] rtc_cmos rtc_cmos: rtc core: registered rtc_cmos as rtc0
[   16.601005] rtc_cmos rtc_cmos: alarms up to one day, 114 bytes nvram
[   16.637030] i2c /dev entries driver
[   16.649084] device-mapper: uevent: version 1.0.3
[   16.657359] device-mapper: ioctl: 4.34.0-ioctl (2015-10-28) initialised: dm-devel@redhat.com
[   16.688348] ledtrig-cpu: registered to indicate activity on CPUs
[   16.706456] NET: Registered protocol family 10
[   16.720314] NET: Registered protocol family 17
[   16.756384] Key type dns_resolver registered
[   16.758976] microcode: CPU0 sig=0x306a9, pf=0x2, revision=0x19
[   16.765691] microcode: Microcode Update Driver: v2.01 <tigran@aivazian.fsnet.co.uk>, Peter Oruba
[   16.814916] registered taskstats version 1
[   16.827911] Loading compiled-in X.509 certificates
[   16.858285] Loaded X.509 cert 'Build time autogenerated kernel key: 6ffa6bfaa152a74cd2b6aa1e188cb999d8f5632b'
[   16.888824] zswap: loaded using pool lzo/zbud
[   16.988239] Key type trusted registered
[   17.032070] Key type encrypted registered
[   17.039792] AppArmor: AppArmor sha1 policy hashing enabled
[   17.100130] ima: No TPM chip found, activating TPM-bypass!
[   17.125941] evm: HMAC attrs: 0x1
[   17.134820]   Magic number: 1:937:987
[   17.157683] machinecheck machinecheck0: hash matches
[   17.276696] rtc_cmos rtc_cmos: setting system clock to 2017-01-30 12:58:36 UTC (1485781116)
[   17.388435] BIOS EDD facility v0.16 2004-Jun-25, 0 devices found
[   17.418510] EDD information not available.
[   17.488339] Freeing unused kernel memory: 1488K (ffffffff81f44000 - ffffffff820b8000)
[   17.507991] Write protecting the kernel read-only data: 14336k
[   17.527984] Freeing unused kernel memory: 1792K (ffff880001840000 - ffff880001a00000)
[   17.568225] Freeing unused kernel memory: 136K (ffff880001dde000 - ffff880001e00000)
Loading, please [   17.601474] random: udevadm: uninitialized urandom read (16 bytes read, 4 bits of entropy available)
wait...
startin[   17.632675] random: systemd-udevd: uninitialized urandom read (16 bytes read, 4 bits of entropy available)
g version 229
[   17.660635] random: systemd-udevd: uninitialized urandom read (16 bytes read, 4 bits of entropy available)
[   17.681720] random: udevadm: uninitialized urandom read (16 bytes read, 4 bits of entropy available)
[   17.744328] random: systemd-udevd: uninitialized urandom read (16 bytes read, 4 bits of entropy available)
[   17.772721] random: systemd-udevd: uninitialized urandom read (16 bytes read, 4 bits of entropy available)
[   17.816522] random: udevadm: uninitialized urandom read (16 bytes read, 4 bits of entropy available)
[   18.018345] random: udevadm: uninitialized urandom read (16 bytes read, 4 bits of entropy available)
[   18.120661] random: udevadm: uninitialized urandom read (16 bytes read, 4 bits of entropy available)
[   18.208639] random: udevadm: uninitialized urandom read (16 bytes read, 4 bits of entropy available)
[   18.290026] e1000: Intel(R) PRO/1000 Network Driver - version 7.3.21-k8-NAPI
[   18.377245] e1000: Copyright (c) 1999-2006 Intel Corporation.
[   18.389438] Fusion MPT base driver 3.04.20
[   18.397946] Copyright (c) 1999-2008 LSI Corporation
[   18.439044] AVX version of gcm_enc/dec engaged.
[   18.547103] AES CTR mode by8 optimization enabled
[   18.615811] Fusion MPT SPI Host driver 3.04.20
[   18.668291] input: ImExPS/2 Generic Explorer Mouse as /devices/platform/i8042/serio1/input/input4
[   18.727777] mptbase: ioc0: Initiating bringup
[   18.802582] ioc0: LSI53C1030 A0: Capabilities={Initiator}
[   19.047658] scsi host2: ioc0: LSI53C1030 A0, FwRev=00000000h, Ports=1, MaxQ=256, IRQ=20
[   19.188660] scsi 2:0:0:0: Direct-Access     VBOX     HARDDISK         1.0  PQ: 0 ANSI: 5
[   19.208325] scsi target2:0:0: Beginning Domain Validation
[   19.308118] scsi target2:0:0: Domain Validation skipping write tests
[   19.397450] scsi target2:0:0: Ending Domain Validation
[   19.548021] scsi target2:0:0: asynchronous
[   19.796316] scsi 2:0:1:0: Direct-Access     VBOX     HARDDISK         1.0  PQ: 0 ANSI: 5
[   19.818136] scsi target2:0:1: Beginning Domain Validation
[   19.853361] scsi target2:0:1: Domain Validation skipping write tests
[   19.887710] scsi target2:0:1: Ending Domain Validation
[   19.915784] e1000 0000:00:03.0 eth0: (PCI:33MHz:32-bit) 02:29:99:d5:6c:03
[   19.938534] e1000 0000:00:03.0 eth0: Intel(R) PRO/1000 Network Connection
[   20.027912] scsi target2:0:1: asynchronous
[   20.068002] e1000 0000:00:03.0 enp0s3: renamed from eth0
[   20.160168] sd 2:0:0:0: Attached scsi generic sg0 type 0
[   20.188341] sd 2:0:0:0: [sda] 20971520 512-byte logical blocks: (10.7 GB/10.0 GiB)
[   20.225019] sd 2:0:1:0: [sdb] 20480 512-byte logical blocks: (10.5 MB/10.0 MiB)
[   20.307496] sd 2:0:1:0: Attached scsi generic sg1 type 0
[   20.338044] sd 2:0:0:0: [sda] Write Protect is off
[   20.387292] sd 2:0:1:0: [sdb] Write Protect is off
[   20.446200] sd 2:0:0:0: [sda] Incomplete mode parameter data
[   20.538047] sd 2:0:0:0: [sda] Assuming drive cache: write through
[   20.597954] sd 2:0:1:0: [sdb] Incomplete mode parameter data
[   20.630133] sd 2:0:1:0: [sdb] Assuming drive cache: write through
[   20.680843]  sda: sda1
[   20.728004] sd 2:0:0:0: [sda] Attached SCSI disk
[   20.730816] sd 2:0:1:0: [sdb] Attached SCSI disk
[   21.556493] floppy0: no floppy controllers found
Begin: Loading e[   22.935628] md: linear personality registered for level -1
ssential drivers[   23.101488] md: multipath personality registered for level -4
 ... [   23.130360] md: raid0 personality registered for level 0
[   23.146542] md: raid1 personality registered for level 1
[   23.233550] raid6: sse2x1   gen()  8520 MB/s
[   23.353704] raid6: sse2x1   xor()  7152 MB/s
[   23.567118] raid6: sse2x2   gen() 11759 MB/s
[   23.747049] raid6: sse2x2   xor()  8625 MB/s
[   23.866701] raid6: sse2x4   gen() 13331 MB/s
[   24.065787] raid6: sse2x4   xor()  9951 MB/s
[   24.177310] raid6: using algorithm sse2x4 gen() 13331 MB/s
[   24.217635] raid6: .... xor() 9951 MB/s, rmw enabled
[   24.244108] raid6: using ssse3x2 recovery algorithm
[   24.263076] xor: automatically using best checksumming function:
[   24.317723]    avx       : 19781.000 MB/sec
[   24.390716] async_tx: api initialized (async)
[   24.444429] md: raid6 personality registered for level 6
[   24.468268] md: raid5 personality registered for level 5
[   24.555879] md: raid4 personality registered for level 4
[   24.573578] md: raid10 personality registered for level 10
done.
Begin: Running /scripts/init-premount ... done[   24.619513] Btrfs loaded
.
Begin: Mounting root file system ... Begin: Running /scripts/local-top ... done.
Begin: Running /scripts/local-premount ... Scanning for Btrfs filesystems
done.
Warning: fsck not present, so skipping root file system
[   24.766841] EXT4-fs (sda1): mounted filesystem with ordered data mode. Opts: (null)
done.
Begin: Running /scripts/local-bottom ... done.
Begin: Running /scripts/init-bottom ... done.
[   24.965262] systemd[1]: systemd 229 running in system mode. (+PAM +AUDIT +SELINUX +IMA +APPARMOR +SMACK +SYSVINIT +UTMP +LIBCRYPTSETUP +GCRYPT +GNUTLS +ACL +XZ -LZ4 +SECCOMP +BLKID +ELFUTILS +KMOD -IDN)
[   25.101391] systemd[1]: Detected virtualization oracle.
[   25.317492] systemd[1]: Detected architecture x86-64.

Welcome to [1mUbuntu 16.04.1 LTS[0m!

[   25.374338] systemd[1]: Set hostname to <ubuntu-xenial>.
[   25.534320] systemd[1]: Listening on /dev/initctl Compatibility Named Pipe.
[[0;32m  OK  [0m] Listening on /dev/initctl Compatibility Named Pipe.
[   25.704924] systemd[1]: Listening on LVM2 metadata daemon socket.
[[0;32m  OK  [0m] Listening on LVM2 metadata daemon socket.
[   25.894129] systemd[1]: Set up automount Arbitrary Executable File Formats File System Automount Point.
[[0;32m  OK  [0m] Set up automount Arbitrary Executab...ats File System Automount Point.
[   25.942663] systemd[1]: Listening on Journal Socket.
[[0;32m  OK  [0m] Listening on Journal Socket.
[   25.965117] systemd[1]: Listening on Journal Audit Socket.
[[0;32m  OK  [0m] Listening on Journal Audit Socket.
[   26.082443] systemd[1]: Listening on LVM2 poll daemon socket.
[[0;32m  OK  [0m] Listening on LVM2 poll daemon socket.
[   26.118304] systemd[1]: Reached target User and Group Name Lookups.
[[0;32m  OK  [0m] Reached target User and Group Name Lookups.
[   26.453923] systemd[1]: Started Forward Password Requests to Wall Directory Watch.
[[0;32m  OK  [0m] Started Forward Password Requests to Wall Directory Watch.
[   26.517896] systemd[1]: Listening on Syslog Socket.
[[0;32m  OK  [0m] Listening on Syslog Socket.
[   26.554026] systemd[1]: Reached target Encrypted Volumes.
[[0;32m  OK  [0m] Reached target Encrypted Volumes.
[   26.754267] systemd[1]: Created slice User and Session Slice.
[[0;32m  OK  [0m] Created slice User and Session Slice.
[   26.831332] systemd[1]: Listening on Device-mapper event daemon FIFOs.
[[0;32m  OK  [0m] Listening on Device-mapper event daemon FIFOs.
[   26.937960] systemd[1]: Listening on Journal Socket (/dev/log).
[[0;32m  OK  [0m] Listening on Journal Socket (/dev/log).
[   27.006333] systemd[1]: Listening on udev Control Socket.
[[0;32m  OK  [0m] Listening on udev Control Socket.
[   27.030290] systemd[1]: Created slice System Slice.
[[0;32m  OK  [0m] Created slice System Slice.
[   27.085805] systemd[1]: Starting Load Kernel Modules...
         Starting Load Kernel Modules...
[   27.150775] systemd[1]: Starting Set console keymap...
[   272246756] Loading iSCSI transport class v2.0-870.
         [   27.349368] iscsi: registered transport (tcp)
Starting Set console keymap...
[   27.382730] systemd[1]: Starting Journal Service...
         Starting Journal Service...
[   27.426498] systemd[1]: Mounting Debug File System...
[   27.456889] iscsi: registered transport (iser)
         Mounting Debug File System...
[   27.490522] systemd[1]: Mounting Huge Pages File System...
         Mounting Huge Pages File System...
[   27.513047] systemd[1]: Starting Uncomplicated firewall...
         Starting Uncomplicated firewall...
[   27.534175] systemd[1]: Created slice system-serial\x2dgetty.slice.
[[0;32m  OK  [0m] Created slice system-serial\x2dgetty.slice.
[   27.591026] systemd[1]: Starting Nameserver information manager...
         Starting Nameserver information manager...
[   27.638393] systemd[1]: Reached target Slices.
[[0;32m  OK  [0m] Reached target Slices.
[   27.843226] systemd[1]: Starting Monitoring of LVM2 mirrors, snapshots etc. using dmeventd or progress polling...
         Starting Monitoring of LVM2 mirrors... dmeventd or progress polling...
[   27.954405] systemd[1]: Starting Create list of required static device nodes for the current kernel...
         Starting Create list of required st... nodes for the current kernel...
[   28.034163] systemd[1]: Reached target Swap.
[[0;32m  OK  [0m] Reached target Swap.
[   28.086992] systemd[1]: Mounting POSIX Message Queue File System...
         Mounting POSIX Message Queue File System...
[   28.263115] systemd[1]: Listening on udev Kernel Socket.
[[0;32m  OK  [0m] Listening on udev Kernel Socket.
[   28.342788] systemd[1]: Starting Remount Root and Kernel File Systems...
         [   28.411232] random: nonblocking pool is initialized
Starting Remount[   28.449986] EXT4-fs (sda1): re-mounted. Opts: (null)
 Root and Kernel File Systems...
[   28.507711] systemd[1]: Mounted POSIX Message Queue File System.
[[0;32m  OK  [0m] Mounted POSIX Message Queue File System.
[   28.613849] systemd[1]: Mounted Huge Pages File System.
[[0;32m  OK  [0m] Mounted Huge Pages File System.
[   28.673825] systemd[1]: Mounted Debug File System.
[[0;32m  OK  [0m] Mounted Debug File System.
[   28.702398] systemd[1]: Started Journal Service.
[[0;32m  OK  [0m] Started Journal Service.
[[0;32m  OK  [0m] Started Load Kernel Modules.
[[0;32m  OK  [0m] Started Set console keymap.
[[0;32m  OK  [0m] Started Uncomplicated firewall.
[[0;32m  OK  [0m] Started Create list of required sta...ce nodes for the current kernel.
[[0;32m  OK  [0m] Started Remount Root and Kernel File Systems.
[[0;32m  OK  [0m] Started Nameserver information manager.
[[0;32m  OK  [0m] Started LVM2 metadata daemon.
         Starting udev Coldplug all Devices...
         Starting Initial cloud-init job (pre-networking)...
         Starting Load/Save Random Seed...
         Starting Create Static Device Nodes in /dev...
         Starting Apply Kernel Variables...
         Mounting FUSE Control File System...
         Starting Flush Journal to Persistent Storage...
[[0;32m  OK  [0m] Mounted FUSE Control File System.
[[0;32m  OK  [0m] Started Load/Save Random Seed.
[[0;32m  OK  [0m] Started Create Static Device Nodes in /dev.
[[0;32m  OK  [0m] Started Apply Kernel Variables.
[[0;32m  OK  [0m] Started udev Coldplug all Devices.
[[0;32m  OK  [0m] Started Flush Journal to Persistent Storage.
         Starting udev Kernel Device Manager...
[[0;32m  OK  [0m] Started Monitoring of LVM2 mirrors,...ng dmeventd or progress polling.
[[0;32m  OK  [0m] Started udev Kernel Device Manager.
[[0;32m  OK  [0m] Started Dispatch Password Requests to Console Directory Watch.
[[0;32m  OK  [0m] Reached target Local File Systems (Pre).
[[0;32m  OK  [0m] Reached target Local File Systems.
         Starting Set console font and keymap...
         Starting Tell Plymouth To Write Out Runtime Data...
         Starting Create Volatile Files and Directories...
         Starting LSB: AppArmor initialization...
[[0;32m  OK  [0m] Started Tell Plymouth To Write Out Runtime Data.
[[0;32m  OK  [0m] Started Create Volatile Files and Directories.
[[0;32m  OK  [0m] Found device /dev/ttyS0.
         Starting Update UTMP about System Boot/Shutdown...
[[0;32m  OK  [0m] Reached target System Time Synchronized.
[[0;32m  OK  [0m] Started LSB: AppArmor initialization.
[[0;32m  OK  [0m] Started Update UTMP about System Boot/Shutdown.
[[0;32m  OK  [0m] Found device 82540EM Gigabit Ethern...r (PRO/1000 MT Desktop Adapter).
[[0;32m  OK  [0m] Started Set console font and keymap.
[[0;32m  OK  [0m] Created slice system-getty.slice.
[   20.483877] cloud-init[474]: Cloud-init v. 0.7.8 running 'init-local' at Mon, 30 Jan 2017 12:58:49 +0000. Up 19.76 seconds.
[[0;32m  OK  [0m] Started Initial cloud-init job (pre-networking).
[[0;32m  OK  [0m] Reached target Network (Pre).
         Starting Raise network interfaces...
[[0;32m  OK  [0m] Started ifup for enp0s3.
[[0;32m  OK  [0m] Listening on Load/Save RF Kill Switch Status /dev/rfkill Watch.
[[0;32m  OK  [0m] Started Raise network interfaces.
[[0;32m  OK  [0m] Reached target Network.
         Starting Initial cloud-init job (metadata service crawler)...
[   23.008901] cloud-init[1070]: Cloud-init v. 0.7.8 running 'init' at Mon, 30 Jan 2017 12:58:52 +0000. Up 22.74 seconds.
[   23.092819] cloud-init[1070]: ci-info: +++++++++++++++++++++++++++++++++++++Net device info++++++++++++++++++++++++++++++++++++++
[[0;32m  OK  [0m[   23.124433] cloud-init[1070]: ci-info: +--------+------+----------------------------+---------------+-------+-------------------+
[   23.124594] cloud-init[1070]: ci-info: | Device |  Up  |          Address           |      Mask     | Scope |     Hw-Address    |
[   23.124685] cloud-init[1070]: ci-info: +--------+------+----------------------------+---------------+-------+-------------------+
[   23.124772] cloud-init[1070]: ci-info: | enp0s3 | True |         10.0.2.15          | 255.255.255.0 |   .   | 02:29:99:d5:6c:03 |
[   23.124868] cloud-init[1070]: ci-info: | enp0s3 | True | fe80::29:99ff:fed5:6c03/64 |       .       |  link | 02:29:99:d5:6c:03 |
[   23.124953] cloud-init[1070]: ci-info: |   lo   | True |         127.0.0.1          |   255.0.0.0   |   .   |         .         |
[   23.125037] cloud-init[1070]: ci-info: |   lo   | True |          ::1/128           |       .       |  host |         .         |
[   23.125121] cloud-init[1070]: ci-info: +--------+------+----------------------------+---------------+-------+-------------------+
[   23.125204] cloud-init[1070]: ci-info: +++++++++++++++++++++++++++Route IPv4 info++++++++++++++++++++++++++++
[   23.125289] cloud-init[1070]: ci-info: +-------+-------------+----------+---------------+-----------+-------+
[   23.125373] cloud-init[1070]: ci-info: | Route | Destination | Gateway  |    Genmask    | Interface | Flags |
[   23.125458] cloud-init[1070]: ci-info: +-------+-------------+----------+---------------+-----------+-------+
[   23.125545] cloud-init[1070]: ci-info: |   0   |   0.0.0.0   | 10.0.2.2 |    0.0.0.0    |   enp0s3  |   UG  |
[   23.125628] cloud-init[1070]: ci-info: |   1   |   10.0.2.0  | 0.0.0.0  | 255.255.255.0 |   enp0s3  |   U   |
[   23.125710] cloud-init[1070]: ci-info: +-------+-------------+----------+---------------+-----------+-------+
] Started Initial cloud-init job (metadata service crawler).
[[0;32m  OK  [0m] Reached target Network is Online.
         Starting iSCSI initiator daemon (iscsid)...
[[0;32m  OK  [0m] Reached target System Initialization.
[[0;32m  OK  [0m] Listening on ACPID Listen Socket.
[[0;32m  OK  [0m] Started Daily apt activities.
         Starting LXD - unix socket.
[[0;32m  OK  [0m] Started ACPI Events Check.
         Starting Socket activation for snappy daemon.
[[0;32m  OK  [0m] Listening on UUID daemon activation socket.
[[0;32m  OK  [0m] Started Trigger resolvconf update for networkd DNS.
[[0;32m  OK  [0m] Reached target Paths.
[[0;32m  OK  [0m] Listening on D-Bus System Message Bus Socket.
[[0;32m  OK  [0m] Started Timer to automatically refresh installed snaps.
[[0;32m  OK  [0m] Started Daily Cleanup of Temporary Directories.
[[0;32m  OK  [0m] Reached target Timers.
[[0;32m  OK  [0m] Reached target Cloud-config availability.
[[0;32m  OK  [0m] Listening on LXD - unix socket.
[[0;32m  OK  [0m] Listening on Socket activation for snappy daemon.
[[0;32m  OK  [0m] Started iSCSI initiator daemon (iscsid).
         Starting Login to default iSCSI targets...
[[0;32m  OK  [0m] Reached target Sockets.
[[0;32m  OK  [0m] Reached target Basic System.
         Starting Accounts Service...
         Starting Login Service...
         Starting LSB: MD monitoring daemon...
[[0;32m  OK  [0m] Started Snappy daemon.
         Starting Apply the settings specified in cloud-config...
         Starting Daily apt activities...
[[0;32m  OK  [0m] Started Regular background program processing daemon.
[[0;32m  OK  [0m] Started D-Bus System Message Bus.
         Starting System Logging Service...
[[0;32m  OK  [0m] Started FUSE filesystem for LXC.
         Starting Auto import assertions from block devices...
[[0;32m  OK  [0m] Started Puppet agent.
         Starting /etc/rc.local Compatibility...
         Starting OpenBSD Secure Shell server...
[[0;32m  OK  [0m] Started ACPI event daemon.
         Starting LSB: Record successful boot for GRUB...
         Starting The Marionette Collective...
[[0;32m  OK  [0m] Started Deferred execution scheduler.
         Starting LXD - container startup/shutdown...
[[0;32m  OK  [0m] Started System Logging Service.
[[0;32m  OK  [0m] Started OpenBSD Secure Shell server.
[[0;32m  OK  [0m] Started Auto import assertions from block devices.
[[0;32m  OK  [0m] Started /etc/rc.local Compatibility.
[[0;32m  OK  [0m] Started LXD - container startup/shutdown.
[[0;32m  OK  [0m] Started Login to default iSCSI targets.
[[0;32m  OK  [0m] Started LSB: MD monitoring daemon.
[[0;32m  OK  [0m] Started LSB: Record successful boot for GRUB.
[[0;32m  OK  [0m] Started Login Service.
         Starting Authenticate and Authorize Users to Run Privileged Tasks...
[[0;32m  OK  [0m] Reached target Remote File Systems (Pre).
[[0;32m  OK  [0m] Reached target Remote File Systems.
         Starting Permit User Sessions...
         Starting LSB: automatic crash report generation...
         Starting LSB: Set the CPU Frequency Scaling governor to "ondemand"...
         Starting LSB: VirtualBox Linux Additions...
         Starting LSB: daemon to balance interrupts for SMP systems...
[[0;32m  OK  [0m] Started Permit User Sessions.
[[0;32m  OK  [0m] Started Authenticate and Authorize Users to Run Privileged Tasks.
[[0;32m  OK  [0m] Started Accounts Service.
[[0;32m  OK  [0m] Created slice User Slice of ubuntu.
[[0;32m  OK  [0m] Started Session 1 of user ubuntu.
         Starting User Manager for UID 1000...
         Starting Hold until boot process finishes up...
         Starting Terminate Plymouth Boot Screen...
[[0;32m  OK  [0m] Started User Manager for UID 1000.
[[0;32m  OK  [0m] Started LSB: automatic crash report generation.
[[0;32m  OK  [0m] Started LSB: Set the CPU Frequency Scaling governor to "ondemand".
[[0;32m  OK  [0m] Started LSB: VirtualBox Linux Additions.
[[0;32m  OK  [0m] Started LSB: daemon to balance interrupts for SMP systems.
[[0;32m  OK  [0m] Started Hold until boot process finishes up.
[[0;32m  OK  [0m] Started Terminate Plymouth Boot Screen.
[[0;32m  OK  [0m] Started Getty on tty1.
         Starting Set console scheme...
[[0;32m  OK  [0m] Started Serial Getty on ttyS0.
[[0;32m  OK  [0m] Reached target Login Prompts.
[[0;32m  OK  [0m] Started Set console scheme.
[[0;32m  OK  [0m] Started The Marionette Collective.
[[0;32m  OK  [0m] Reached target Multi-User System.
[[0;32m  OK  [0m] Reached target Graphical Interface.
         Starting Update UTMP about System Runlevel Changes...
[[0;32m  OK  [0m] Started Update UTMP about System Runlevel Changes.
[   26.938452] cloud-init[1144]: Cloud-init v. 0.7.8 running 'modules:config' at Mon, 30 Jan 2017 12:58:55 +0000. Up 26.29 seconds.
[[0;32m  OK  [0m] Started Apply the settings specified in cloud-config.
         Starting Execute cloud user/final scripts...
         Stopping User Manager for UID 1000...
[[0;32m  OK  [0m] Stopped User Manager for UID 1000.
[[0;32m  OK  [0m] Removed slice User Slice of ubuntu.
[   28.848925] cloud-init[1529]: Cloud-init v. 0.7.8 running 'modules:final' at Mon, 30 Jan 2017 12:58:58 +0000. Up 28.56 seconds.
[   28.920611] cloud-init[1529]: Cloud-init v. 0.7.8 finished at Mon, 30 Jan 2017 12:58:58 +0000. Datasource DataSourceNoCloud [seed=/dev/sdb][dsmode=net].  Up 28.82 seconds
[[0;32m  OK  [0m] Started Execute cloud user/final scripts.
[[0;32m  OK  [0m] Reached target Cloud-init target.

Ubuntu 16.04.1 LTS ubuntu-xenial ttyS0

ubuntu-xenial login: 